<?xml version="1.0" encoding="UTF-8"?>
<!-- Generated by org.testng.reporters.JUnitReportReporter -->
<testsuite skipped="0" hostname="LAPTOP-31B2K48K" name="com.orangehrm.qa.testcases.LoginPageTest" tests="2" failures="0" timestamp="21 Sep 2019 03:40:57 GMT" time="7.574" errors="0">
  <testcase name="orgHrmLoginPageTitleTest" time="7.042" classname="com.orangehrm.qa.testcases.LoginPageTest"/>
  <testcase name="orgHrmLoginTest" time="0.532" classname="com.orangehrm.qa.testcases.LoginPageTest"/>
</testsuite> <!-- com.orangehrm.qa.testcases.LoginPageTest -->
